2023-09-11 04:36:38,496 INFO o.a.j.u.JMeterUtils: Setting Locale to en_US
2023-09-11 04:36:38,515 INFO o.a.j.JMeter: Loading user properties from: /home/aziz-amdouni/.bzt/jmeter-taurus/5.4.3/bin/user.properties
2023-09-11 04:36:38,515 INFO o.a.j.JMeter: Loading system properties from: /home/aziz-amdouni/.bzt/jmeter-taurus/5.4.3/bin/system.properties
2023-09-11 04:36:38,516 INFO o.a.j.JMeter: Loading additional properties from: /home/aziz-amdouni/Ez-Learning/ez-learning/2023-09-11_04-18-03.200099/jmeter-bzt.properties
2023-09-11 04:36:38,521 INFO o.a.j.JMeter: Copyright (c) 1998-2021 The Apache Software Foundation
2023-09-11 04:36:38,521 INFO o.a.j.JMeter: Version 5.4.3
2023-09-11 04:36:38,521 INFO o.a.j.JMeter: java.version=11.0.19
2023-09-11 04:36:38,521 INFO o.a.j.JMeter: java.vm.name=OpenJDK 64-Bit Server VM
2023-09-11 04:36:38,521 INFO o.a.j.JMeter: os.name=Linux
2023-09-11 04:36:38,521 INFO o.a.j.JMeter: os.arch=amd64
2023-09-11 04:36:38,521 INFO o.a.j.JMeter: os.version=6.2.15-100.fc36.x86_64
2023-09-11 04:36:38,521 INFO o.a.j.JMeter: file.encoding=UTF-8
2023-09-11 04:36:38,522 INFO o.a.j.JMeter: java.awt.headless=true
2023-09-11 04:36:38,522 INFO o.a.j.JMeter: Max memory     =4158652416
2023-09-11 04:36:38,522 INFO o.a.j.JMeter: Available Processors =4
2023-09-11 04:36:38,528 INFO o.a.j.JMeter: Default Locale=English (United States)
2023-09-11 04:36:38,528 INFO o.a.j.JMeter: JMeter  Locale=English (United States)
2023-09-11 04:36:38,528 INFO o.a.j.JMeter: JMeterHome=/home/aziz-amdouni/.bzt/jmeter-taurus/5.4.3
2023-09-11 04:36:38,528 INFO o.a.j.JMeter: user.dir  =/home/aziz-amdouni/Ez-Learning/ez-learning
2023-09-11 04:36:38,529 INFO o.a.j.JMeter: PWD       =/home/aziz-amdouni/Ez-Learning/ez-learning
2023-09-11 04:36:38,529 INFO o.a.j.JMeter: IP: 192.168.1.11 Name: fedora FullName: fedora
2023-09-11 04:36:38,529 INFO o.a.j.JMeter: user.classpath=/home/aziz-amdouni/Ez-Learning/ez-learning/2023-09-11_04-18-03.200099:/home/aziz-amdouni/Ez-Learning/ez-learning/src/test/jmeter
2023-09-11 04:36:38,529 INFO o.a.j.JMeter: Adding to classpath and loader: /home/aziz-amdouni/Ez-Learning/ez-learning/2023-09-11_04-18-03.200099
2023-09-11 04:36:38,530 INFO o.a.j.JMeter: Adding to classpath and loader: /home/aziz-amdouni/Ez-Learning/ez-learning/src/test/jmeter
2023-09-11 04:36:38,534 INFO o.a.j.s.FileServer: Default base='/home/aziz-amdouni/Ez-Learning/ez-learning'
2023-09-11 04:36:38,535 INFO o.a.j.s.FileServer: Set new base='/home/aziz-amdouni/Ez-Learning/ez-learning/src/test/jmeter'
2023-09-11 04:36:38,684 INFO o.a.j.s.SaveService: Testplan (JMX) version: 2.2. Testlog (JTL) version: 2.2
2023-09-11 04:36:38,701 INFO o.a.j.s.SaveService: Using SaveService properties version 5.0
2023-09-11 04:36:38,705 INFO o.a.j.s.SaveService: Using SaveService properties file encoding UTF-8
2023-09-11 04:36:38,708 INFO o.a.j.s.SaveService: Loading file: /home/aziz-amdouni/Ez-Learning/ez-learning/src/test/jmeter/modified_Ez-Learning-Threads.jmx
2023-09-11 04:36:38,752 INFO o.a.j.p.h.s.HTTPSamplerBase: Parser for text/html is org.apache.jmeter.protocol.http.parser.LagartoBasedHtmlParser
2023-09-11 04:36:38,752 INFO o.a.j.p.h.s.HTTPSamplerBase: Parser for application/xhtml+xml is org.apache.jmeter.protocol.http.parser.LagartoBasedHtmlParser
2023-09-11 04:36:38,752 INFO o.a.j.p.h.s.HTTPSamplerBase: Parser for application/xml is org.apache.jmeter.protocol.http.parser.LagartoBasedHtmlParser
2023-09-11 04:36:38,752 INFO o.a.j.p.h.s.HTTPSamplerBase: Parser for text/xml is org.apache.jmeter.protocol.http.parser.LagartoBasedHtmlParser
2023-09-11 04:36:38,752 INFO o.a.j.p.h.s.HTTPSamplerBase: Parser for text/vnd.wap.wml is org.apache.jmeter.protocol.http.parser.RegexpHTMLParser
2023-09-11 04:36:38,752 INFO o.a.j.p.h.s.HTTPSamplerBase: Parser for text/css is org.apache.jmeter.protocol.http.parser.CssParser
2023-09-11 04:36:38,828 INFO o.a.j.e.StandardJMeterEngine: Running the test!
2023-09-11 04:36:38,830 INFO o.a.j.s.SampleEvent: List of sample_variables: []
2023-09-11 04:36:38,830 INFO o.a.j.s.SampleEvent: List of sample_variables: []
2023-09-11 04:36:38,846 INFO o.a.j.e.u.CompoundVariable: Note: Function class names must contain the string: '.functions.'
2023-09-11 04:36:38,846 INFO o.a.j.e.u.CompoundVariable: Note: Function class names must not contain the string: '.gui.'
2023-09-11 04:36:39,407 INFO o.a.j.JMeter: Running test (1694403399407)
2023-09-11 04:36:39,430 INFO o.a.j.e.StandardJMeterEngine: Starting ThreadGroup: 1 : Ez-Learning-Threads
2023-09-11 04:36:39,430 INFO o.a.j.e.StandardJMeterEngine: Starting 10 threads for group Ez-Learning-Threads.
2023-09-11 04:36:39,430 INFO o.a.j.e.StandardJMeterEngine: Thread will continue on error
2023-09-11 04:36:39,433 INFO o.a.j.e.StandardJMeterEngine: All thread groups have been started
2023-09-11 04:36:39,433 INFO c.b.j.t.c.ConcurrencyThreadStarter: Start supplying threads
2023-09-11 04:36:42,464 INFO o.a.j.s.SampleResult: Note: Sample TimeStamps are START times
2023-09-11 04:36:42,464 INFO o.a.j.s.SampleResult: sampleresult.default.encoding is set to UTF-8
2023-09-11 04:36:42,465 INFO o.a.j.s.SampleResult: sampleresult.useNanoTime=true
2023-09-11 04:36:42,466 INFO o.a.j.s.SampleResult: sampleresult.nanoThreadSleep=5000
2023-09-11 04:36:42,475 INFO o.a.j.t.JMeterThread: Thread started: Ez-Learning-Threads-ThreadStarter 1-1
2023-09-11 04:36:42,554 INFO o.a.j.p.h.s.HTTPHCAbstractImpl: Local host = fedora
2023-09-11 04:36:42,600 INFO o.a.j.p.h.s.HTTPHC4Impl: HTTP request retry count = 0
2023-09-11 04:36:43,096 INFO o.a.j.p.h.s.h.LazyLayeredConnectionSocketFactory: Setting up HTTPS TrustAll Socket Factory
2023-09-11 04:36:43,113 INFO o.a.j.u.JsseSSLManager: Using default SSL protocol: TLS
2023-09-11 04:36:43,114 INFO o.a.j.u.JsseSSLManager: SSL session context: per-thread
2023-09-11 04:36:43,555 INFO o.a.j.u.SSLManager: JmeterKeyStore Location:  type JKS
2023-09-11 04:36:43,562 INFO o.a.j.u.SSLManager: KeyStore created OK
2023-09-11 04:36:43,562 WARN o.a.j.u.SSLManager: Keystore file not found, loading empty keystore
2023-09-11 04:36:48,481 INFO o.a.j.t.JMeterThread: Thread started: Ez-Learning-Threads-ThreadStarter 1-2
2023-09-11 04:36:54,484 INFO o.a.j.t.JMeterThread: Thread started: Ez-Learning-Threads-ThreadStarter 1-3
2023-09-11 04:37:00,490 INFO o.a.j.t.JMeterThread: Thread started: Ez-Learning-Threads-ThreadStarter 1-4
2023-09-11 04:37:06,494 INFO o.a.j.t.JMeterThread: Thread started: Ez-Learning-Threads-ThreadStarter 1-5
2023-09-11 04:37:12,499 INFO o.a.j.t.JMeterThread: Thread started: Ez-Learning-Threads-ThreadStarter 1-6
2023-09-11 04:37:18,503 INFO o.a.j.t.JMeterThread: Thread started: Ez-Learning-Threads-ThreadStarter 1-7
2023-09-11 04:37:24,507 INFO o.a.j.t.JMeterThread: Thread started: Ez-Learning-Threads-ThreadStarter 1-8
2023-09-11 04:37:30,510 INFO o.a.j.t.JMeterThread: Thread started: Ez-Learning-Threads-ThreadStarter 1-9
2023-09-11 04:37:36,514 INFO o.a.j.t.JMeterThread: Thread started: Ez-Learning-Threads-ThreadStarter 1-10
2023-09-11 04:42:39,604 INFO c.b.j.t.c.ConcurrencyThreadStarter: Done supplying threads
2023-09-11 04:42:39,625 INFO o.a.j.t.JMeterThread: Thread is done: Ez-Learning-Threads-ThreadStarter 1-3
2023-09-11 04:42:39,625 INFO o.a.j.t.JMeterThread: Thread finished: Ez-Learning-Threads-ThreadStarter 1-3
2023-09-11 04:42:39,703 INFO o.a.j.t.JMeterThread: Thread is done: Ez-Learning-Threads-ThreadStarter 1-2
2023-09-11 04:42:39,703 INFO o.a.j.t.JMeterThread: Thread finished: Ez-Learning-Threads-ThreadStarter 1-2
2023-09-11 04:42:39,724 INFO o.a.j.t.JMeterThread: Thread is done: Ez-Learning-Threads-ThreadStarter 1-7
2023-09-11 04:42:39,725 INFO o.a.j.t.JMeterThread: Thread finished: Ez-Learning-Threads-ThreadStarter 1-7
2023-09-11 04:42:39,754 INFO o.a.j.t.JMeterThread: Thread is done: Ez-Learning-Threads-ThreadStarter 1-4
2023-09-11 04:42:39,754 INFO o.a.j.t.JMeterThread: Thread finished: Ez-Learning-Threads-ThreadStarter 1-4
2023-09-11 04:42:39,810 INFO o.a.j.t.JMeterThread: Thread is done: Ez-Learning-Threads-ThreadStarter 1-1
2023-09-11 04:42:39,810 INFO o.a.j.t.JMeterThread: Thread finished: Ez-Learning-Threads-ThreadStarter 1-1
2023-09-11 04:42:39,864 INFO o.a.j.t.JMeterThread: Thread is done: Ez-Learning-Threads-ThreadStarter 1-10
2023-09-11 04:42:39,864 INFO o.a.j.t.JMeterThread: Thread finished: Ez-Learning-Threads-ThreadStarter 1-10
2023-09-11 04:42:39,969 INFO o.a.j.t.JMeterThread: Thread is done: Ez-Learning-Threads-ThreadStarter 1-5
2023-09-11 04:42:39,969 INFO o.a.j.t.JMeterThread: Thread finished: Ez-Learning-Threads-ThreadStarter 1-5
2023-09-11 04:42:40,195 INFO o.a.j.t.JMeterThread: Thread is done: Ez-Learning-Threads-ThreadStarter 1-9
2023-09-11 04:42:40,195 INFO o.a.j.t.JMeterThread: Thread finished: Ez-Learning-Threads-ThreadStarter 1-9
2023-09-11 04:42:40,324 INFO o.a.j.t.JMeterThread: Thread is done: Ez-Learning-Threads-ThreadStarter 1-6
2023-09-11 04:42:40,324 INFO o.a.j.t.JMeterThread: Thread finished: Ez-Learning-Threads-ThreadStarter 1-6
2023-09-11 04:42:40,938 INFO o.a.j.t.JMeterThread: Thread is done: Ez-Learning-Threads-ThreadStarter 1-8
2023-09-11 04:42:40,938 INFO o.a.j.t.JMeterThread: Thread finished: Ez-Learning-Threads-ThreadStarter 1-8
2023-09-11 04:42:40,938 INFO o.a.j.e.StandardJMeterEngine: Notifying test listeners of end of test
2023-09-11 04:42:40,943 INFO o.a.j.e.StandardJMeterEngine: Forced JVM shutdown requested at end of test
